2024-08-04 21:29:51 - Starting AccountTransactionDemo using Java 17.0.11 with PID 24296 (E:\java-projects\bank_transaction_system\target\classes started by anu_d in E:\java-projects\bank_transaction_system)
2024-08-04 21:29:51 - No active profile set, falling back to 1 default profile: "default"
2024-08-04 21:29:51 - Devtools property defaults active! Set 'spring.devtools.add-properties' to 'false' to disable
2024-08-04 21:29:51 - For additional web related logging consider setting the 'logging.level.web' property to 'DEBUG'
2024-08-04 21:29:52 - Tomcat initialized with port 8080 (http)
2024-08-04 21:29:52 - Starting service [Tomcat]
2024-08-04 21:29:52 - Starting Servlet engine: [Apache Tomcat/10.1.19]
2024-08-04 21:29:52 - Initializing Spring embedded WebApplicationContext
2024-08-04 21:29:52 - Root WebApplicationContext: initialization completed in 974 ms
2024-08-04 21:29:52 - LiveReload server is running on port 35729
2024-08-04 21:29:52 - Exposing 1 endpoint(s) beneath base path '/actuator'
2024-08-04 21:29:52 - Tomcat started on port 8080 (http) with context path ''
2024-08-04 21:29:52 - Started AccountTransactionDemo in 1.906 seconds (process running for 2.295)
2024-08-04 21:29:53 - Initializing Spring DispatcherServlet 'dispatcherServlet'
2024-08-04 21:29:53 - Initializing Servlet 'dispatcherServlet'
2024-08-04 21:29:53 - Completed initialization in 0 ms
2024-08-04 21:34:48 - Application shutdown requested.
2024-08-04 21:34:57 - Starting AccountTransactionDemo using Java 17.0.11 with PID 9572 (E:\java-projects\bank_transaction_system\target\classes started by anu_d in E:\java-projects\bank_transaction_system)
2024-08-04 21:34:57 - No active profile set, falling back to 1 default profile: "default"
2024-08-04 21:34:57 - Devtools property defaults active! Set 'spring.devtools.add-properties' to 'false' to disable
2024-08-04 21:34:57 - For additional web related logging consider setting the 'logging.level.web' property to 'DEBUG'
2024-08-04 21:34:58 - Tomcat initialized with port 8080 (http)
2024-08-04 21:34:58 - Starting service [Tomcat]
2024-08-04 21:34:58 - Starting Servlet engine: [Apache Tomcat/10.1.19]
2024-08-04 21:34:58 - Initializing Spring embedded WebApplicationContext
2024-08-04 21:34:58 - Root WebApplicationContext: initialization completed in 882 ms
2024-08-04 21:34:58 - LiveReload server is running on port 35729
2024-08-04 21:34:58 - Exposing 1 endpoint(s) beneath base path '/actuator'
2024-08-04 21:34:58 - Tomcat started on port 8080 (http) with context path ''
2024-08-04 21:34:58 - Started AccountTransactionDemo in 1.784 seconds (process running for 2.211)
2024-08-04 21:34:59 - Initializing Spring DispatcherServlet 'dispatcherServlet'
2024-08-04 21:34:59 - Initializing Servlet 'dispatcherServlet'
2024-08-04 21:34:59 - Completed initialization in 1 ms
2024-08-04 21:35:06 - AccountController Hello
2024-08-04 21:35:28 - AccountController Hello
